python-srpm-macros-3-45.el8.noarch 1677738712 6093 f78fb18d1d8dee89541a7707e1b446fd installed
python-rpm-macros-3-45.el8.noarch 1677738712 4325 12c4f42dceeadc5af22f30cff4fc20e8 installed
python3-pip-wheel-9.0.3-22.el8.rocky.0.noarch 1649783299 929817 75d5829b7760a19a7ff7f6a6782a7fef installed
tzdata-2023c-1.el8.noarch 1680057669 1788198 8ec14d5cbb0ba7d689c490a2877a4315 installed
rocky-gpg-keys-8.8-1.8.el8.noarch 1686432564 3344 297c5a176adde39594643b86ac8f1549 installed
rocky-repos-8.8-1.8.el8.noarch 1686432564 13703 3488ea0ec94271331bd4ee7385346c9b installed
filesystem-3.8-6.el8.x86_64 1633913345 0 2c2cb2603556f0a4d5c1ce01a879cc0c installed
qt5-srpm-macros-5.15.3-1.el8.noarch 1664414688 0 9440fe3691f21d82ebe7fc052ff687e0 installed
pkgconf-m4-1.4.2-1.el8.noarch 1618788815 14187 6139b363940666ca319f4ded92c7ed83 installed
openblas-srpm-macros-2-2.el8.noarch 1618205171 104 af2f9a05a14cb38d70b42ba07325d3aa installed
ncurses-base-6.1-9.20180224.el8.noarch 1634113962 290089 23c377dfb53ba606acd1bcdf0b3ada42 installed
libselinux-2.9-8.el8.x86_64 1670914739 173168 709af84ea4473d0372caf9d418df16f2 installed
glibc-all-langpacks-2.28-225.el8.x86_64 1675502402 436431320 80d3fcd92daa7f0a30f411430702f628 installed
glibc-common-2.28-225.el8.x86_64 1675502402 7997116 f1856014d84f51d8401e80eea33e28e8 installed
bash-4.4.20-4.el8_6.x86_64 1659426374 6861444 8de99aafc36d888c68ae7e4d41687b15 installed
zlib-1.2.11-21.el8_7.x86_64 1668148764 199967 497029932f5bf66841d00cab82e12b23 installed
bzip2-libs-1.0.6-26.el8.x86_64 1617759875 74909 352647f1607f27e2bb7f4d455be3c2f2 installed
gmp-1:6.1.2-10.el8.x86_64 1618192156 766452 49dda6bd97c2c4d91fd1b67bf4d3ecfc installed
libstdc++-8.5.0-18.el8.x86_64 1671877349 1857716 5a32e42d30bdaa0dd93ed61179a03349 installed
libcap-2.48-4.el8.x86_64 1664494243 164877 079edf9429d47096977ca55d0f32f95f installed
libzstd-1.4.4-1.el8.x86_64 1618218751 698085 195f2147eba07752b7379cda0b5b10ee installed
mpfr-3.1.6-1.el8.x86_64 1618203798 521257 9106fc663a4df6594ce7183082510695 installed
libuuid-2.32.1-42.el8_8.x86_64 1684231183 35104 054a1cf56f961cb4f75cc29c9e3c73a2 installed
libacl-2.2.53-1.el8.1.x86_64 1623680853 37784 807be6a265fbc007fde148d692d07228 installed
libcom_err-1.45.6-5.el8.x86_64 1664496006 61377 ddf38de50fd96d8304ee3da87a47e09a installed
lua-libs-5.3.4-12.el8.x86_64 1634113080 247928 970e7450259ecde75826e371438da69a installed
diffutils-3.6-6.el8.x86_64 1618189359 1371503 bafb4d36e87ff9044cec86b9560ec060 installed
libunistring-0.9.9-3.el8.x86_64 1618201222 1631052 f13ee693d00b04361e2f7e53fec7e521 installed
file-libs-5.33-24.el8.x86_64 1677524440 6386573 86f14d4591b2c50f7f751b3e66d92320 installed
p11-kit-0.23.22-1.el8.x86_64 1622589770 1637498 16e226e9456a2cc578d292dc3a569df0 installed
libgcrypt-1.8.5-7.el8_6.x86_64 1656429420 1269734 afaec8e662224efed8ec6ac3d4af23c8 installed
unzip-6.0-46.el8.x86_64 1649796384 424013 9afb5cd3cddc7e66b25a4816a3221657 installed
libcap-ng-0.7.11-1.el8.x86_64 1634110310 51526 a0a09a51ab6440fc415e009e75ecf956 installed
lz4-libs-1.8.3-3.el8_4.x86_64 1624988022 121071 78abf340051675c911361844c0fa7ab7 installed
patch-2.7.6-11.el8.x86_64 1618206047 266969 2f02d29800eebb68ad74464621998881 installed
cpio-2.12-11.el8.x86_64 1649747460 967633 1050691d7ebe9cc525a5ac52c1552af5 installed
keyutils-libs-1.5.10-9.el8.x86_64 1636468966 43798 d242119c86645e076b92e3121f5c3eb4 installed
p11-kit-trust-0.23.22-1.el8.x86_64 1622589770 471241 9dc74f55efd508352a77926b1be5d6e7 installed
pcre-8.42-6.el8.x86_64 1634070484 509947 d085a89af6bdb3144a989e6ebe63404f installed
xz-5.2.4-4.el8_6.x86_64 1655134085 424234 ef35d66cbbe09c028fd45bfc6ecdd5a8 installed
libsemanage-2.9-9.el8_6.x86_64 1666683305 312360 cc09828b6eff2c4348143ad6ef7ffd05 installed
cpp-8.5.0-18.el8.x86_64 1671877349 29665622 9a30b9d3abe0aba1ff74f9e1ad21c0bf installed
libassuan-2.5.1-3.el8.x86_64 1618197638 193715 950cb6323f21d4aca43acc44507db461 installed
groff-base-1.22.3-18.el8.x86_64 1618982724 4031698 9ab3d8fb3221625aa69af6e3f7d841ef installed
perl-Time-Local-2:1.300-4.module+el8.6.0+879+823e3012.noarch 1652381755 67343 755c7c3734553f5009fb255103f507e5 installed
perl-Pod-Escapes-1:1.07-396.module+el8.6.0+879+823e3012.noarch 1652381935 25762 5f110e3a67f279c05d3d3c06ca464828 installed
perl-Class-Struct-0:0.66-472.module+el8.8.0+1134+a197a740.noarch 1674801780 26954 9b860112142a31eb26085321f5f76d23 installed
perl-Term-ANSIColor-5.01-458.module+el8.6.0+879+823e3012.noarch 1652381787 100302 073e8d8f5f3f9ce741810a8fb6097147 installed
perl-subs-0:1.03-472.module+el8.8.0+1134+a197a740.noarch 1674801780 3060 abf7072f7231cfed95ec28bee1a725c8 installed
perl-HTTP-Tiny-0.078-1.module+el8.6.0+879+823e3012.noarch 1652381984 153601 7171d64429efecd8a19dff610332162e installed
perl-Pod-Simple-1:3.42-1.module+el8.6.0+879+823e3012.noarch 1652381959 577269 1d38d7850ed32734748a83dff81aa0bb installed
perl-SelectSaver-0:1.02-472.module+el8.8.0+1134+a197a740.noarch 1674801780 3170 f20660d8d3f78a91a2233dae6dacce38 installed
perl-File-stat-0:1.09-472.module+el8.8.0+1134+a197a740.noarch 1674801780 13948 f2a3c9d96df7cafcf217eb4fe1a389a7 installed
perl-Pod-Perldoc-3.28.01-443.module+el8.6.0+879+823e3012.noarch 1652381795 170958 21a63906da93dcb6debae2bf60aaca3e installed
perl-Text-ParseWords-3.30-396.module+el8.6.0+879+823e3012.noarch 1652381762 13100 7717c6c6b2bf5404ec697040ec6e0e9b installed
perl-IO-0:1.43-472.module+el8.8.0+1134+a197a740.x86_64 1674801771 155586 522c88304f20bcfe54aa1efa9410b880 installed
perl-Pod-Usage-4:2.01-1.module+el8.6.0+879+823e3012.noarch 1652381794 87184 26c01f10968ac74e1c1bf9e302c01c22 installed
perl-File-Basename-0:2.85-472.module+el8.8.0+1134+a197a740.noarch 1674801780 15338 59704bd530e84f913713edcc419d7766 installed
perl-Scalar-List-Utils-4:1.55-457.module+el8.6.0+879+823e3012.x86_64 1652381793 135583 f34cfabae9dcd54bb9f835252f19a1ff installed
perl-Storable-1:3.21-457.module+el8.6.0+879+823e3012.x86_64 1652381780 223873 59d09c44000464cf8daf5732322d9937 installed
perl-parent-1:0.238-457.module+el8.6.0+879+823e3012.noarch 1652381718 9535 a471bb3957f094ea5a49d805d8960a18 installed
perl-vars-0:1.05-472.module+el8.8.0+1134+a197a740.noarch 1674801780 4926 fb5258ed13b21e13a01f2cd646776b01 installed
perl-DynaLoader-0:1.47-472.module+el8.8.0+1134+a197a740.x86_64 1674801771 33065 092f5b43557b2509300d4d2d670dd174 installed
perl-Exporter-5.74-458.module+el8.6.0+879+823e3012.noarch 1652382024 55359 6375ad32c269f991b3e25053c4fd93fb installed
perl-Encode-4:3.08-461.module+el8.6.0+879+823e3012.x86_64 1652382014 10195309 357698cc89c4891adb26879d90b2707c installed
perl-macros-4:5.32.1-472.module+el8.8.0+1134+a197a740.noarch 1674801780 5643 89eab3d4fc91798c5afd43f249b575e4 installed
perl-FileHandle-0:2.03-472.module+el8.8.0+1134+a197a740.noarch 1674801780 10531 258a9d2f4a242a594d0205f9dc97d8f5 installed
libstdc++-devel-8.5.0-18.el8.x86_64 1671877349 11815138 4e9a5112ff7cf902422be4334ccff7af installed
dwz-0.12-10.el8.x86_64 1633947327 230287 dd8189ead544b1ab4401bd5375d8604d installed
nettle-3.4.1-7.el8.x86_64 1634154768 572273 760434ba9fc5611539c49970064a7171 installed
libxml2-2.9.7-16.el8.x86_64 1672823546 1753210 c26cd58fa0d6d0cbccbdc34e67cbf658 installed
openssl-libs-1:1.1.1k-9.el8_7.x86_64 1679502141 3769930 58e84528dab86ddf5321df145957236c installed
ca-certificates-2022.2.54-80.2.el8_6.noarch 1663055861 2321570 20352c752e621ec276f914063b9e277d installed
libblkid-2.32.1-42.el8_8.x86_64 1684231183 344000 278270fac98fcdb53e1821fcc947596b installed
systemd-libs-239-74.el8_8.x86_64 1679043502 4609774 738fac149e8e18ccdfe88c30a3685b29 installed
gzip-1.9-13.el8_5.x86_64 1650989698 352906 b7a18a289aa1c58e3deae8fa7f969faf installed
cracklib-dicts-2.9.6-15.el8.x86_64 1618188826 9815016 fef053e32c5e3114515110a58481b7a5 installed
binutils-2.30-119.el8.x86_64 1668194813 24937184 a841d7e13b291532246455fea78eaf8c installed
libutempter-1.1.6-14.el8.x86_64 1618201123 51373 52126898db720c8a365e17781f43738e installed
ima-evm-utils-1.3.2-12.el8.x86_64 1621391956 137659 05f62f815554a6100451581e2c099037 installed
glib2-2.56.4-161.el8.x86_64 1672980179 12279832 ce751b2e7fabd82932af60d02e83f5e4 installed
libdb-utils-5.3.28-42.el8_4.x86_64 1632249546 370399 668ea5bd5c05594d5b1fb06cc0e1c083 installed
kmod-libs-25-19.el8.x86_64 1650310168 126632 baeed0da91e66cd3425364a35e0c662f installed
libgomp-8.5.0-18.el8.x86_64 1671877349 331991 99d6fd92560e5e07daebcd8cfc89e6bb installed
brotli-1.0.6-3.el8.x86_64 1621391375 1521924 f54eec3ec7418b20230ba9755eaecadf installed
libatomic_ops-7.6.2-3.el8.x86_64 1618197657 76398 8d506c4df8cb2552f4432741eaa3e986 installed
libipt-1.6.1-8.el8.x86_64 1617764070 98343 d3f49ae50ab1939f9586c0ba1831736a installed
libpkgconf-1.4.2-1.el8.x86_64 1618788815 67757 908084c8a253cb7ef5b3a694dee67744 installed
pkgconf-pkg-config-1.4.2-1.el8.x86_64 1618788815 3094 a3a5072910bf73bda9b6eb38088b48ef installed
libsigsegv-2.11-5.el8.x86_64 1618200740 45586 20d0e7481cc700ef71f53bf7decfe81b installed
libsmartcols-2.32.1-42.el8_8.x86_64 1684231183 248490 c28092a5319d0a090f8ac6de643e169d installed
guile-5:2.0.14-7.el8.x86_64 1618194991 12095486 e8f45e61548faadc028a813e392b313e installed
krb5-libs-1.18.2-22.el8_7.x86_64 1669653983 2238043 92b0df4ff5a880b8cc9c7f5e44e763d2 installed
libnsl2-1.2.0-2.20180605git4a062cf.el8.x86_64 1618199884 126778 cd8a06d09cf28cedf17959c8dd833b63 installed
pam-1.3.1-25.el8.x86_64 1669887086 2644681 0468f79bdbcb7e779f8a63ba908987d2 installed
platform-python-setuptools-39.2.0-7.el8.noarch 1674578487 2923252 4ad4489e69e23edf9d57a177c36930de installed
python3-libs-3.6.8-51.el8_8.1.rocky.0.x86_64 1687412826 32310408 66967c07010259b020ef16927d48dd8e installed
device-mapper-libs-8:1.02.181-9.el8.x86_64 1674634975 415663 d911a8ba74e644736c4b4f95c737823d installed
elfutils-default-yama-scope-0.188-3.el8.noarch 1668488792 1810 19cb7b831fe22a5414107d59ef9732f1 installed
dbus-common-1:1.12.8-24.el8.noarch 1668398897 11044 f3a5d33bf3b80954058a05e1dfbd4d39 installed
systemd-pam-239-74.el8_8.x86_64 1679043502 923272 e4dca4368b899eaed2fad08b3e366139 installed
dbus-1:1.12.8-24.el8.x86_64 1668398897 0 bd676000fd15f3fe3829c4a4bf395ddd installed
libbabeltrace-1.5.4-4.el8.x86_64 1664358676 546491 7774096cec0d7d517e3a2c829490979b installed
openldap-2.4.46-18.el8.x86_64 1633986802 1006579 56df35ff38bee5054a133ef127e6f118 installed
gnupg2-2.2.20-3.el8_6.x86_64 1663055979 9919371 d05c55dd70fe635aeb4183c284a89d33 installed
libssh-0.9.6-6.el8.x86_64 1674053611 517735 27ba2b69723a92eddd52d2c571299755 installed
curl-7.61.1-30.el8_8.2.x86_64 1684232293 700917 21d72593e2f36d7f548b426198bf7118 installed
rpm-libs-4.14.3-26.el8.x86_64 1671643755 735568 2058787fb8a72e68ae0673fa1efb1d4b installed
python3-rpm-4.14.3-26.el8.x86_64 1671643755 398485 6a9ee1aa4ef944abdd7e59a92c3fdd7b installed
efi-srpm-macros-3-3.el8.noarch 1621391424 39222 c726afd628d5552c0d423c846d18c791 installed
kernel-headers-4.18.0-477.13.1.el8_8.x86_64 1685486287 5599354 edcea853bd190e0254a79f54f97777a0 installed
libxcrypt-devel-4.1.1-6.el8.x86_64 1634112222 24771 2b4427d49f843951f28ca7ff8195d30b installed
gcc-8.5.0-18.el8.x86_64 1671877349 61717389 c1eb68e2dc5e8d04494c3ad4bccada1d installed
gcc-c++-8.5.0-18.el8.x86_64 1671877349 32203718 5652baeba5f02afdefb76ef772ceb962 installed
go-srpm-macros-2-17.el8.noarch 1621391755 7342 26c4633e0aa91ea92831902ff770c6e4 installed
redhat-rpm-config-131-1.el8.noarch 1676683381 157406 376333205d8276456566f9e1b053208f installed
fpc-srpm-macros-1.3-1.el8.noarch 1591557879 144 c8492bbd1f4e176786d5b25114f2c9af installed
rpmdevtools-8.10-8.el8.noarch 1618213865 174517 1a054757675d4180b18fd1e75987cc44 installed
ansible-srpm-macros-1-8.2.el8.noarch 1675118049 1251 26f2f7f1cf66414c216603b6dc3eb675 installed
epel-rpm-macros-systemd-8-39.noarch 1680974316 3103 8dc3bf4e58ff963a620bd1a0c39dcc1c installed
cmake-rpm-macros-3.20.2-5.el8.noarch 1675758596 7792 2392aee20531f7317085b0417206ff57 installed
vim-filesystem-2:8.0.1763-19.el8_6.4.noarch 1659426451 40 67e84a1c3689b78555f5b2c212ce022b installed
cmake-data-3.20.2-5.el8.noarch 1675758596 7122824 39fe23f93809d4e537888925d9749945 installed
libgcc-8.5.0-18.el8.x86_64 1671877349 190224 879e756eb15038b3e97441819117f0f1 installed
crypto-policies-20221215-1.gitece0092.el8.noarch 1671172637 73467 b875848a6d3de15cd5b5c33b798e219e installed
python3-setuptools-wheel-39.2.0-7.el8.noarch 1674578487 347735 ef746224193df77df1607bb81a75737a installed
python3-rpm-macros-3-45.el8.noarch 1677738712 3714 03c60c7374079b6db7c8ccb986f2394b installed
rust-srpm-macros-5-2.el8.noarch 1618214148 1131 21b4bf88cc7cccd6dd167a530e7af306 installed
rocky-release-8.8-1.8.el8.noarch 1686432564 18875 dea89d52015c9877fdb574cd8428601b installed
setup-2.12.2-9.el8.noarch 1669785855 724747 273390db2ca26ff0895efb77f3b0c41a installed
basesystem-11-5.el8.noarch 1615749940 0 35e3e1ffde688fbb9c7c595333a3abea installed
publicsuffix-list-dafsa-20180723-1.el8.noarch 1618788965 64502 457968a0f9361415b35124879cfa4751 installed
perl-srpm-macros-1-25.el8.noarch 1618210239 794 c2292b325080a063ecd6b06b0b158495 installed
ocaml-srpm-macros-5-4.el8.noarch 1618204900 737 9d0863fc0f850b96ca9da2eec5777bea installed
pcre2-10.32-3.el8_6.x86_64 1659426333 656742 cf46a48e822600c3049e341e262b4843 installed
ncurses-libs-6.1-9.20180224.el8.x86_64 1634113962 951272 b7f591dc245556988c8d94c47742f614 installed
glibc-gconv-extra-2.28-225.el8.x86_64 1675502402 6416086 1ebfde920b8aaf533adfc9a2340a022b installed
glibc-2.28-225.el8.x86_64 1675502402 6717544 3008e2b78c7858d43b304996d5c8218e installed
libsepol-2.9-3.el8.x86_64 1634110646 761624 c7067be1cf97cb06c3a53eb4a79b914e installed
info-6.5-7.el8.x86_64 1650469733 386106 743e7d3da1e6b6cc2189fe603ab2fabe installed
xz-libs-5.2.4-4.el8_6.x86_64 1655134085 164967 ed5111e1013891df01d9acfb5478d66a installed
elfutils-libelf-0.188-3.el8.x86_64 1668488792 1024884 37c258b7ae165a35e24c749860aa0b59 installed
libxcrypt-4.1.1-6.el8.x86_64 1634112222 185892 7728dfbab60091ee720da7beb6c89744 installed
sqlite-libs-3.26.0-17.el8_7.x86_64 1669366442 1166529 c4074ccd3f6e0995101f06d1751dd337 installed
popt-1.18-1.el8.x86_64 1621392729 126618 494d21cfde487bd3276e20d1d0b6c2f3 installed
readline-7.0-10.el8.x86_64 1618213293 449929 c56a997ed469ee5cb4958043bcc90bea installed
libattr-2.4.48-3.el8.x86_64 1618187444 25426 101681478ffe0ba9efa5eb65c638b24c installed
sed-4.5-5.el8.x86_64 1649747452 764950 79de4a3226743a7357613c471630e107 installed
libgpg-error-1.31-1.el8.x86_64 1618198855 894186 23c178c287840acf1c0d1d0dc64dbb0d installed
chkconfig-1.19.1-1.el8.x86_64 1633939173 827686 d8d20766e1e56e3a067dd2c06f2fce0a installed
findutils-1:4.6.0-20.el8.x86_64 1618190570 1769257 151bc7bbc9a1c58e61da528dfe6ce92f installed
libidn2-2.2.0-1.el8.x86_64 1618199036 245498 d908bef043cd2ddf714df4569b3fbfea installed
libffi-3.1-24.el8.x86_64 1670315561 53844 33fe8096068575e8f4fef8b7d6b66e6a installed
file-5.33-24.el8.x86_64 1677524440 93419 fdb553aa96e38ba24a110e321629eaae installed
libmpc-1.1.0-9.1.el8.x86_64 1621392274 127085 66b1592610cfe42031c26ba6cc9265ae installed
expat-2.2.5-11.el8.x86_64 1673338317 315300 e07b28fed3e1f1063fd86e550355bc51 installed
audit-libs-3.0.7-4.el8.x86_64 1664473373 308482 36a1d8c5367783414d23586e58895271 installed
tar-2:1.30-9.el8.x86_64 1676688802 2876653 0e0d182c5f17c87f7810315ca9e8a6a1 installed
bzip2-1.0.6-26.el8.x86_64 1617759875 92236 7b03bf80d5774bd5c29a77b697aee870 installed
gdbm-libs-1:1.18-2.el8.x86_64 1664594542 118448 2807e1f3da2af97944e9f2b1a8643d79 installed
libtasn1-4.13-4.el8_7.x86_64 1670143904 165293 c1f485635e1ec4c9f16e5e543620bca7 installed
ncurses-6.1-9.20180224.el8.x86_64 1634113962 589436 75f598dfbf5d1b950215b5cc242e5d43 installed
grep-3.1-6.el8.x86_64 1618193060 813405 4aa4f0cb28bde33c760a9912ea41ded5 installed
gdbm-1:1.18-2.el8.x86_64 1664594542 389593 ff91591ca87fe4029d48b82180913efe installed
zip-3.0-23.el8.x86_64 1618218588 827301 69fba1898177ebe74ea598c8e297ab57 installed
libpsl-0.20.2-6.el8.x86_64 1618200265 70732 1740004fa287414b614a399286bad940 installed
libksba-1.3.5-9.el8_7.x86_64 1675724452 334047 5f4045473fcd0a194770b0a59c425ce7 installed
perl-if-0:0.60.800-472.module+el8.8.0+1134+a197a740.noarch 1674801780 6873 748109defcfac9d257333aa42f19094b installed
perl-File-Path-2.16-439.module+el8.6.0+879+823e3012.noarch 1652382009 65100 9c76af119f9fb78048190f7e1cb615b3 installed
perl-Text-Tabs+Wrap-2013.0523-396.module+el8.6.0+879+823e3012.noarch 1652381759 24826 7428c846b7e2a6675aa21436f3870931 installed
perl-POSIX-0:1.94-472.module+el8.8.0+1134+a197a740.x86_64 1674801771 240652 1cf94147083fea6df79300d11c51b49b installed
perl-IPC-Open3-0:1.21-472.module+el8.8.0+1134+a197a740.noarch 1674801780 25043 0da7bcd077524bf15776161a6fc958fc installed
perl-File-Temp-1:0.231.100-1.module+el8.6.0+879+823e3012.noarch 1652381998 166550 0c3eb0558b5987191eb9c23e921d4d4f installed
perl-Term-Cap-1.17-396.module+el8.6.0+879+823e3012.noarch 1652381781 29850 8608adf50d1d70f4ac03c7d53b7a646a installed
perl-Socket-4:2.031-1.module+el8.6.0+879+823e3012.x86_64 1652381812 120842 63804a2b6de38c6d96d9a8a31786413d installed
perl-Symbol-0:1.08-472.module+el8.8.0+1134+a197a740.noarch 1674801780 7846 3e4f0bc72e72c7e9492a0a251c3877bd installed
perl-podlators-1:4.14-457.module+el8.6.0+879+823e3012.noarch 1652381779 288740 64d3e86d1400fc1196b68fc3d12d3787 installed
perl-Fcntl-0:1.13-472.module+el8.8.0+1134+a197a740.x86_64 1674801771 26836 c18818b4d9458214f5ffe22b4726ea3b installed
perl-mro-0:1.23-472.module+el8.8.0+1134+a197a740.x86_64 1674801771 40032 4fad285321de5a8ad50898f6a04e70fd installed
perl-overloading-0:0.02-472.module+el8.8.0+1134+a197a740.noarch 1674801780 5893 83c92424604b382ccb131daee09a267a installed
perl-Errno-0:1.30-472.module+el8.8.0+1134+a197a740.x86_64 1674801771 9528 37a4fee9871c05dbdd822f555a0aeb4c installed
perl-Getopt-Std-0:1.12-472.module+el8.8.0+1134+a197a740.noarch 1674801780 12107 0c4fd1499a935135783999527625e7d9 installed
perl-constant-1.33-1001.module+el8.6.0+879+823e3012.noarch 1652381725 27102 98381d8fe46ad059467f1b37d5a09ecf installed
perl-overload-0:1.31-472.module+el8.8.0+1134+a197a740.noarch 1674801780 72821 5c457d6c240390d2dd12ebfbdf278265 installed
perl-MIME-Base64-3.15-1001.module+el8.6.0+879+823e3012.x86_64 1652381951 41339 5951ab813271fadfa89f2b6feca389e1 installed
perl-Getopt-Long-1:2.52-1.module+el8.6.0+879+823e3012.noarch 1652382054 139937 87b8643c7e6d35a2335b0465fad5c967 installed
perl-Carp-1.50-439.module+el8.6.0+879+823e3012.noarch 1652382052 47890 0e10c6d527e4f5e5fddaccaedbfb39e7 installed
perl-PathTools-3.78-439.module+el8.6.0+879+823e3012.x86_64 1652381886 182553 7e6746d8efbe884cd0eb3e08148bd050 installed
perl-libs-4:5.32.1-472.module+el8.8.0+1134+a197a740.x86_64 1674801771 9049255 de61751062b963209f69befbb48a9079 installed
perl-interpreter-4:5.32.1-472.module+el8.8.0+1134+a197a740.x86_64 1674801771 117310 4efda094445a21f78b973d0f9cf26e10 installed
acl-2.2.53-1.el8.1.x86_64 1623680853 198484 ba51081a87ab1f695f6508fe4e53f52d installed
zstd-1.4.4-1.el8.x86_64 1618218751 1534466 47f11f8d3b2f9a92f453615ab7c19bdd installed
isl-0.16.1-6.el8.x86_64 1618196145 3207961 438c75e06ae42b9b9764db941eb04654 installed
gnutls-3.6.16-6.el8_7.x86_64 1678934274 3007967 fd6113edcc543bd629e2bcd7f0a91ed7 installed
coreutils-common-8.30-15.el8.x86_64 1674053575 9896370 b1310f76e15d7b9e63c4c71d8b71ecc2 installed
coreutils-8.30-15.el8.x86_64 1674053575 6113000 a99f1e5d8aa38cf614a1200f80c57127 installed
libdb-5.3.28-42.el8_4.x86_64 1632249546 1903352 0c8dc7ae4fa641f618bc3df82ee7fba3 installed
libmount-2.32.1-42.el8_8.x86_64 1684231183 398298 fb822eb9729ff701797e9ad8558c2b73 installed
shadow-utils-2:4.6-17.el8.x86_64 1664610954 4071342 2ac429d2165069a8d3c48fa3e1f65723 installed
cracklib-2.9.6-15.el8.x86_64 1618188826 234871 b721beba934a129b9104defd717f0177 installed
dbus-libs-1:1.12.8-24.el8.x86_64 1668398897 380768 d7ffeaaf589f04457d620fed09fe8eea installed
dbus-tools-1:1.12.8-24.el8.x86_64 1668398897 124962 2f3adbb807e54a5985766e04cc8f9937 installed
tpm2-tss-2.3.2-4.el8.x86_64 1633989976 1208846 26e534b9df2a0dac744288daac424c96 installed
libusbx-1.0.23-4.el8.x86_64 1618201156 154147 d6393e6e9aa7422fc04ea988c6ee5d38 installed
libfdisk-2.32.1-42.el8_8.x86_64 1684231183 438898 ca52dabecfd6afc25da81cadbf0fec98 installed
which-2.21-18.el8.x86_64 1664474154 83300 2b7f67c789a26dbf1e7d3a576978f798 installed
libarchive-3.3.3-5.el8.x86_64 1670515296 838255 edb7cbcf46669b286ae58a5dc75183cc installed
make-1:4.2.1-11.el8.x86_64 1649746252 1436088 4dd26c534a7545191d3bb9eb4d75e302 installed
json-c-0.13.1-3.el8.x86_64 1650409942 69282 a87b255b9b62019fde242387b5c3cbed installed
gc-7.6.4-3.el8.x86_64 1618191114 215064 1475bfa8f04def178151491d774f6fce installed
libnghttp2-1.33.0-3.el8_3.1.x86_64 1620119356 168036 0d28194e246077cab1b2284d3464fa8a installed
pkgconf-1.4.2-1.el8.x86_64 1618788815 66015 7bb54196f487b9ce918407d3c4c1739b installed
libseccomp-2.5.2-1.el8.x86_64 1650410909 169805 1be3045b19ee32a5cf500891b9811c21 installed
gawk-4.2.1-4.el8.x86_64 1650057475 2699766 74c7856d9f2be112847e1dbc76552b92 installed
libtool-ltdl-2.4.6-25.el8.x86_64 1618203790 68274 7023dff112cff1f1c4df763b24da4084 installed
libverto-0.3.2-2.el8.x86_64 1664582451 26789 4566dea94a3cc10477ecc308f8279ac9 installed
libtirpc-1.1.4-8.el8.x86_64 1664664643 228734 0876aa3246c5a397c1c29dc960264ab7 installed
libpwquality-1.4.4-6.el8.x86_64 1676700448 396846 80fa297b3c7677b4f37a7a03feeb95b3 installed
util-linux-2.32.1-42.el8_8.x86_64 1684231183 11572352 92b752ba2837a12e5373bc04305dea40 installed
platform-python-3.6.8-51.el8_8.1.rocky.0.x86_64 1687412826 41222 3702f630aec59dfa44ca036e3f81626c installed
device-mapper-8:1.02.181-9.el8.x86_64 1674634975 357926 f135adbe68b00dcbd4cc39c3821186a9 installed
cryptsetup-libs-2.3.7-5.el8.x86_64 1673599525 2145911 208ec76eb3c0e1a1d26b2990473f4ed2 installed
elfutils-libs-0.188-3.el8.x86_64 1668488792 717431 dd4cc5c56dc9f308d3f55ca38f0e3779 installed
dbus-daemon-1:1.12.8-24.el8.x86_64 1668398897 559352 88e40a08761c4c199cdbacdbad3e7c6e installed
systemd-239-74.el8_8.x86_64 1679043502 11349238 07d41dcb460165f4cb098d068e4d9467 installed
elfutils-0.188-3.el8.x86_64 1668488792 2790795 15e3c1ed4b98f98d324b042ba5fcebc1 installed
cyrus-sasl-lib-2.1.27-6.el8_5.x86_64 1645636855 726138 5af5a87432545aad76c174bd6b9bc0e3 installed
npth-1.5-4.el8.x86_64 1618204825 47317 e55b1ce55d5136e1f3d995d96f5daf99 installed
libssh-config-0.9.6-6.el8.noarch 1674053611 277 2e319188d2433033d9d38a7e28fce997 installed
libcurl-7.61.1-30.el8_8.2.x86_64 1684232293 597608 4031ec7fc96f824031d666ae282d8336 installed
rpm-4.14.3-26.el8.x86_64 1671643755 2087870 56e99d000efaf5c2b96ca56a406fd774 installed
rpm-build-libs-4.14.3-26.el8.x86_64 1671643755 216248 79e8b582d60efa306a0c46eee2e7885f installed
gdb-headless-8.2-19.el8.x86_64 1664318128 11909687 91f9d4022122ae23b9e9eb1e69f61035 installed
lua-srpm-macros-1-3.el8.noarch 1611532907 1314 30739795e4e4ed8363cd3d49ff7ac713 installed
glibc-headers-2.28-225.el8.x86_64 1675502402 2031923 55bcf221f2fb2cab5be38bf645ff687b installed
glibc-devel-2.28-225.el8.x86_64 1675502402 240562 dfc8cea1c1465a06bc41730098437e6b installed
annobin-10.94-1.el8.x86_64 1670663841 999169 9fa340d625ef3044edb3e53518f348b5 installed
gcc-plugin-annobin-8.5.0-18.el8.x86_64 1671877349 49376 0253f1a26c5caeade5857d9dc5099b4f installed
ghc-srpm-macros-1.4.2-7.el8.noarch 1618191330 414 783d436a1a08b72e0f2d1adec76a4519 installed
rpm-build-4.14.3-26.el8.x86_64 1671643755 299262 384ee2517c8f7eeea3c9b4e48c9bc6a2 installed
emacs-filesystem-1:26.1-10.el8_8.2.noarch 1684232549 0 984eae84765864b3161bd575f59adff4 installed
buildsys-macros-8-8.osg36.el8.noarch 1672417984 108 c361c984e8061158c358654bec1c757e installed
epel-rpm-macros-8-39.noarch 1680974316 26054 f5f847b225c145e1cedf37eaf1fa83f9 installed
buildsys-build-8-1.el8.x86_64 1666125170 0 f38223c8b1dca7b340ffc6f248ae5617 installed
cmake-filesystem-3.20.2-5.el8.x86_64 1675758596 0 2348cdf5873521be7c18186a2eea2dbf installed
libuv-1:1.41.1-1.el8_4.x86_64 1628617563 405812 01643348c395d4ad63101db4a000f7c9 installed
cmake-3.20.2-5.el8.x86_64 1675758596 32966941 87148555320cd9934effad014640bd7c installed
