2023-06-26 14:50:18,328 [INFO] {252191} koji.build.buildroot:519 Running mock as kojibuilder
INFO: mock.py version 3.5 starting (python version = 3.6.8, NVR = mock-3.5-1.el8)...
Start(bootstrap): init plugins
INFO: selinux disabled
Finish(bootstrap): init plugins
Start: init plugins
INFO: selinux disabled
Finish: init plugins
INFO: Signal handler active
Start: run
Start: clean chroot
Finish: clean chroot
Start(bootstrap): chroot init
INFO: calling preinit hooks
INFO: enabled HW Info plugin
Mock Version: 3.5
INFO: Mock Version: 3.5
Start(bootstrap): dnf install
Finish(bootstrap): dnf install
Finish(bootstrap): chroot init
Start: chroot init
INFO: calling preinit hooks
INFO: enabled HW Info plugin
Mock Version: 3.5
INFO: Mock Version: 3.5
Start: dnf install
Finish: dnf install
Finish: chroot init
INFO: Installed packages:
INFO: efi-srpm-macros-3-3.el8.noarch
libgcrypt-1.8.5-7.el8_6.x86_64
perl-IPC-Open3-1.21-472.module+el8.8.0+1134+a197a740.noarch
libfdisk-2.32.1-42.el8_8.x86_64
perl-POSIX-1.94-472.module+el8.8.0+1134+a197a740.x86_64
tpm2-tss-2.3.2-4.el8.x86_64
perl-Scalar-List-Utils-1.55-457.module+el8.6.0+879+823e3012.x86_64
rocky-repos-8.8-1.8.el8.noarch
fpc-srpm-macros-1.3-1.el8.noarch
python3-rpm-macros-3-45.el8.noarch
nettle-3.4.1-7.el8.x86_64
expat-2.2.5-11.el8.x86_64
unzip-6.0-46.el8.x86_64
libnghttp2-1.33.0-3.el8_3.1.x86_64
xz-5.2.4-4.el8_6.x86_64
elfutils-0.188-3.el8.x86_64
systemd-pam-239-74.el8_8.x86_64
libblkid-2.32.1-42.el8_8.x86_64
libmpc-1.1.0-9.1.el8.x86_64
perl-Class-Struct-0.66-472.module+el8.8.0+1134+a197a740.noarch
filesystem-3.8-6.el8.x86_64
glibc-headers-2.28-225.el8.x86_64
perl-interpreter-5.32.1-472.module+el8.8.0+1134+a197a740.x86_64
openblas-srpm-macros-2-2.el8.noarch
libstdc++-8.5.0-18.el8.x86_64
rocky-release-8.8-1.8.el8.noarch
glibc-2.28-225.el8.x86_64
perl-Exporter-5.74-458.module+el8.6.0+879+823e3012.noarch
gnutls-3.6.16-6.el8_7.x86_64
dwz-0.12-10.el8.x86_64
libsemanage-2.9-9.el8_6.x86_64
bash-4.4.20-4.el8_6.x86_64
libsigsegv-2.11-5.el8.x86_64
libssh-config-0.9.6-6.el8.noarch
platform-python-setuptools-39.2.0-7.el8.noarch
perl-Text-ParseWords-3.30-396.module+el8.6.0+879+823e3012.noarch
perl-Time-Local-1.300-4.module+el8.6.0+879+823e3012.noarch
perl-parent-0.238-457.module+el8.6.0+879+823e3012.noarch
gcc-c++-8.5.0-18.el8.x86_64
perl-Carp-1.50-439.module+el8.6.0+879+823e3012.noarch
perl-File-Temp-0.231.100-1.module+el8.6.0+879+823e3012.noarch
cracklib-2.9.6-15.el8.x86_64
perl-Fcntl-1.13-472.module+el8.8.0+1134+a197a740.x86_64
annobin-10.94-1.el8.x86_64
perl-Encode-3.08-461.module+el8.6.0+879+823e3012.x86_64
openldap-2.4.46-18.el8.x86_64
libpkgconf-1.4.2-1.el8.x86_64
libattr-2.4.48-3.el8.x86_64
kernel-headers-4.18.0-477.13.1.el8_8.x86_64
perl-Pod-Simple-3.42-1.module+el8.6.0+879+823e3012.noarch
perl-Text-Tabs+Wrap-2013.0523-396.module+el8.6.0+879+823e3012.noarch
rpm-build-libs-4.14.3-26.el8.x86_64
info-6.5-7.el8.x86_64
perl-constant-1.33-1001.module+el8.6.0+879+823e3012.noarch
file-libs-5.33-24.el8.x86_64
device-mapper-1.02.181-9.el8.x86_64
perl-vars-1.05-472.module+el8.8.0+1134+a197a740.noarch
rocky-gpg-keys-8.8-1.8.el8.noarch
glibc-gconv-extra-2.28-225.el8.x86_64
libselinux-2.9-8.el8.x86_64
rpm-build-4.14.3-26.el8.x86_64
python-rpm-macros-3-45.el8.noarch
libseccomp-2.5.2-1.el8.x86_64
dbus-1.12.8-24.el8.x86_64
epel-rpm-macros-8-39.noarch
perl-Pod-Usage-2.01-1.module+el8.6.0+879+823e3012.noarch
glibc-all-langpacks-2.28-225.el8.x86_64
setup-2.12.2-9.el8.noarch
elfutils-libelf-0.188-3.el8.x86_64
perl-File-Path-2.16-439.module+el8.6.0+879+823e3012.noarch
libutempter-1.1.6-14.el8.x86_64
libtirpc-1.1.4-8.el8.x86_64
gcc-8.5.0-18.el8.x86_64
zlib-1.2.11-21.el8_7.x86_64
perl-SelectSaver-1.02-472.module+el8.8.0+1134+a197a740.noarch
p11-kit-trust-0.23.22-1.el8.x86_64
sed-4.5-5.el8.x86_64
glibc-common-2.28-225.el8.x86_64
libsmartcols-2.32.1-42.el8_8.x86_64
systemd-239-74.el8_8.x86_64
perl-DynaLoader-1.47-472.module+el8.8.0+1134+a197a740.x86_64
libunistring-0.9.9-3.el8.x86_64
krb5-libs-1.18.2-22.el8_7.x86_64
rpm-4.14.3-26.el8.x86_64
libxcrypt-4.1.1-6.el8.x86_64
libffi-3.1-24.el8.x86_64
perl-IO-1.43-472.module+el8.8.0+1134+a197a740.x86_64
libsepol-2.9-3.el8.x86_64
libcom_err-1.45.6-5.el8.x86_64
libcurl-7.61.1-30.el8_8.2.x86_64
diffutils-3.6-6.el8.x86_64
epel-rpm-macros-systemd-8-39.noarch
which-2.21-18.el8.x86_64
acl-2.2.53-1.el8.1.x86_64
perl-macros-5.32.1-472.module+el8.8.0+1134+a197a740.noarch
perl-Symbol-1.08-472.module+el8.8.0+1134+a197a740.noarch
platform-python-3.6.8-51.el8_8.1.rocky.0.x86_64
npth-1.5-4.el8.x86_64
libmount-2.32.1-42.el8_8.x86_64
cpio-2.12-11.el8.x86_64
python-srpm-macros-3-45.el8.noarch
shadow-utils-4.6-17.el8.x86_64
ocaml-srpm-macros-5-4.el8.noarch
grep-3.1-6.el8.x86_64
gmp-6.1.2-10.el8.x86_64
ncurses-base-6.1-9.20180224.el8.noarch
systemd-libs-239-74.el8_8.x86_64
ansible-srpm-macros-1-8.2.el8.noarch
tar-1.30-9.el8.x86_64
ncurses-libs-6.1-9.20180224.el8.x86_64
python3-rpm-4.14.3-26.el8.x86_64
libtasn1-4.13-4.el8_7.x86_64
bzip2-1.0.6-26.el8.x86_64
perl-Socket-2.031-1.module+el8.6.0+879+823e3012.x86_64
make-4.2.1-11.el8.x86_64
rpmdevtools-8.10-8.el8.noarch
bzip2-libs-1.0.6-26.el8.x86_64
libbabeltrace-1.5.4-4.el8.x86_64
pcre2-10.32-3.el8_6.x86_64
readline-7.0-10.el8.x86_64
brotli-1.0.6-3.el8.x86_64
libcap-ng-0.7.11-1.el8.x86_64
libksba-1.3.5-9.el8_7.x86_64
libgomp-8.5.0-18.el8.x86_64
publicsuffix-list-dafsa-20180723-1.el8.noarch
perl-overloading-0.02-472.module+el8.8.0+1134+a197a740.noarch
cryptsetup-libs-2.3.7-5.el8.x86_64
pcre-8.42-6.el8.x86_64
dbus-tools-1.12.8-24.el8.x86_64
perl-FileHandle-2.03-472.module+el8.8.0+1134+a197a740.noarch
groff-base-1.22.3-18.el8.x86_64
isl-0.16.1-6.el8.x86_64
elfutils-default-yama-scope-0.188-3.el8.noarch
libdb-utils-5.3.28-42.el8_4.x86_64
perl-Errno-1.30-472.module+el8.8.0+1134+a197a740.x86_64
gnupg2-2.2.20-3.el8_6.x86_64
perl-File-Basename-2.85-472.module+el8.8.0+1134+a197a740.noarch
pam-1.3.1-25.el8.x86_64
gdbm-libs-1.18-2.el8.x86_64
gdbm-1.18-2.el8.x86_64
findutils-4.6.0-20.el8.x86_64
json-c-0.13.1-3.el8.x86_64
libipt-1.6.1-8.el8.x86_64
xz-libs-5.2.4-4.el8_6.x86_64
openssl-libs-1.1.1k-9.el8_7.x86_64
file-5.33-24.el8.x86_64
rpm-libs-4.14.3-26.el8.x86_64
redhat-rpm-config-131-1.el8.noarch
tzdata-2023c-1.el8.noarch
lz4-libs-1.8.3-3.el8_4.x86_64
perl-File-stat-1.09-472.module+el8.8.0+1134+a197a740.noarch
cpp-8.5.0-18.el8.x86_64
patch-2.7.6-11.el8.x86_64
ghc-srpm-macros-1.4.2-7.el8.noarch
basesystem-11-5.el8.noarch
emacs-filesystem-26.1-10.el8_8.2.noarch
libnsl2-1.2.0-2.20180605git4a062cf.el8.x86_64
device-mapper-libs-1.02.181-9.el8.x86_64
popt-1.18-1.el8.x86_64
gzip-1.9-13.el8_5.x86_64
perl-Term-Cap-1.17-396.module+el8.6.0+879+823e3012.noarch
libcap-2.48-4.el8.x86_64
libatomic_ops-7.6.2-3.el8.x86_64
perl-subs-1.03-472.module+el8.8.0+1134+a197a740.noarch
perl-HTTP-Tiny-0.078-1.module+el8.6.0+879+823e3012.noarch
libssh-0.9.6-6.el8.x86_64
libusbx-1.0.23-4.el8.x86_64
dbus-common-1.12.8-24.el8.noarch
perl-Storable-3.21-457.module+el8.6.0+879+823e3012.x86_64
libgcc-8.5.0-18.el8.x86_64
glib2-2.56.4-161.el8.x86_64
buildsys-macros-8-8.osg36.el8.noarch
gc-7.6.4-3.el8.x86_64
audit-libs-3.0.7-4.el8.x86_64
libarchive-3.3.3-5.el8.x86_64
curl-7.61.1-30.el8_8.2.x86_64
perl-srpm-macros-1-25.el8.noarch
guile-2.0.14-7.el8.x86_64
libassuan-2.5.1-3.el8.x86_64
crypto-policies-20221215-1.gitece0092.el8.noarch
chkconfig-1.19.1-1.el8.x86_64
binutils-2.30-119.el8.x86_64
libpwquality-1.4.4-6.el8.x86_64
p11-kit-0.23.22-1.el8.x86_64
libgpg-error-1.31-1.el8.x86_64
coreutils-8.30-15.el8.x86_64
kmod-libs-25-19.el8.x86_64
dbus-daemon-1.12.8-24.el8.x86_64
gcc-plugin-annobin-8.5.0-18.el8.x86_64
perl-PathTools-3.78-439.module+el8.6.0+879+823e3012.x86_64
go-srpm-macros-2-17.el8.noarch
glibc-devel-2.28-225.el8.x86_64
gdb-headless-8.2-19.el8.x86_64
util-linux-2.32.1-42.el8_8.x86_64
perl-Getopt-Long-2.52-1.module+el8.6.0+879+823e3012.noarch
python3-pip-wheel-9.0.3-22.el8.rocky.0.noarch
perl-Term-ANSIColor-5.01-458.module+el8.6.0+879+823e3012.noarch
perl-mro-1.23-472.module+el8.8.0+1134+a197a740.x86_64
elfutils-libs-0.188-3.el8.x86_64
cyrus-sasl-lib-2.1.27-6.el8_5.x86_64
perl-Getopt-Std-1.12-472.module+el8.8.0+1134+a197a740.noarch
coreutils-common-8.30-15.el8.x86_64
perl-Pod-Escapes-1.07-396.module+el8.6.0+879+823e3012.noarch
ca-certificates-2022.2.54-80.2.el8_6.noarch
ima-evm-utils-1.3.2-12.el8.x86_64
libdb-5.3.28-42.el8_4.x86_64
ncurses-6.1-9.20180224.el8.x86_64
gawk-4.2.1-4.el8.x86_64
zip-3.0-23.el8.x86_64
libuuid-2.32.1-42.el8_8.x86_64
pkgconf-pkg-config-1.4.2-1.el8.x86_64
dbus-libs-1.12.8-24.el8.x86_64
lua-srpm-macros-1-3.el8.noarch
perl-if-0.60.800-472.module+el8.8.0+1134+a197a740.noarch
sqlite-libs-3.26.0-17.el8_7.x86_64
libstdc++-devel-8.5.0-18.el8.x86_64
libverto-0.3.2-2.el8.x86_64
pkgconf-1.4.2-1.el8.x86_64
cracklib-dicts-2.9.6-15.el8.x86_64
qt5-srpm-macros-5.15.3-1.el8.noarch
libxcrypt-devel-4.1.1-6.el8.x86_64
lua-libs-5.3.4-12.el8.x86_64
perl-libs-5.32.1-472.module+el8.8.0+1134+a197a740.x86_64
perl-podlators-4.14-457.module+el8.6.0+879+823e3012.noarch
buildsys-build-8-1.el8.x86_64
libacl-2.2.53-1.el8.1.x86_64
python3-setuptools-wheel-39.2.0-7.el8.noarch
keyutils-libs-1.5.10-9.el8.x86_64
perl-overload-1.31-472.module+el8.8.0+1134+a197a740.noarch
perl-Pod-Perldoc-3.28.01-443.module+el8.6.0+879+823e3012.noarch
libidn2-2.2.0-1.el8.x86_64
libzstd-1.4.4-1.el8.x86_64
libpsl-0.20.2-6.el8.x86_64
zstd-1.4.4-1.el8.x86_64
libtool-ltdl-2.4.6-25.el8.x86_64
rust-srpm-macros-5-2.el8.noarch
mpfr-3.1.6-1.el8.x86_64
python3-libs-3.6.8-51.el8_8.1.rocky.0.x86_64
perl-MIME-Base64-3.15-1001.module+el8.6.0+879+823e3012.x86_64
pkgconf-m4-1.4.2-1.el8.noarch
libxml2-2.9.7-16.el8.x86_64
Finish: run
2023-06-26 14:52:10,982 [INFO] {255283} koji.build.buildroot:519 Running mock as kojibuilder
INFO: mock.py version 3.5 starting (python version = 3.6.8, NVR = mock-3.5-1.el8)...
Start(bootstrap): init plugins
INFO: selinux disabled
Finish(bootstrap): init plugins
Start: init plugins
INFO: selinux disabled
Finish: init plugins
INFO: Signal handler active
Start: run
Start(bootstrap): chroot init
INFO: calling preinit hooks
INFO: enabled HW Info plugin
Mock Version: 3.5
INFO: Mock Version: 3.5
Finish(bootstrap): chroot init
Start: chroot init
INFO: calling preinit hooks
INFO: enabled HW Info plugin
Mock Version: 3.5
INFO: Mock Version: 3.5
Finish: chroot init
INFO: Running in chroot: ['uname -r']
Start: chroot ['uname -r']
3.10.0-1160.76.1.el7.x86_64
Finish: chroot ['uname -r']
2023-06-26 14:52:15,155 [INFO] {255566} koji.build.buildroot:519 Running mock as kojibuilder
INFO:koji.build.buildroot:Running mock as kojibuilder
INFO: mock.py version 3.5 starting (python version = 3.6.8, NVR = mock-3.5-1.el8)...
Start(bootstrap): init plugins
INFO: selinux disabled
Finish(bootstrap): init plugins
Start: init plugins
INFO: selinux disabled
Finish: init plugins
INFO: Signal handler active
Start: run
INFO: Start(/var/lib/koji/tasks/7480/377480/local/work/cli-build/1687791003.664824.YyGjTJop/json-3.11.2-1.osg.el8.src.rpm)  Config(osg-3.6-el8-build-64260-92225)
Start(bootstrap): chroot init
INFO: calling preinit hooks
INFO: enabled HW Info plugin
Mock Version: 3.5
INFO: Mock Version: 3.5
Finish(bootstrap): chroot init
Start: chroot init
INFO: calling preinit hooks
INFO: enabled HW Info plugin
Mock Version: 3.5
INFO: Mock Version: 3.5
Finish: chroot init
Start: build phase for json-3.11.2-1.osg.el8.src.rpm
Start: build setup for json-3.11.2-1.osg.el8.src.rpm
Finish: build setup for json-3.11.2-1.osg.el8.src.rpm
Start: Outputting list of installed packages
Finish: Outputting list of installed packages
Start: rpmbuild json-3.11.2-1.osg.el8.src.rpm
Finish: rpmbuild json-3.11.2-1.osg.el8.src.rpm
Finish: build phase for json-3.11.2-1.osg.el8.src.rpm
INFO: Done(/var/lib/koji/tasks/7480/377480/local/work/cli-build/1687791003.664824.YyGjTJop/json-3.11.2-1.osg.el8.src.rpm) Config(koji/osg-3.6-el8-build-64260-92225) 3 minutes 6 seconds
INFO: Results and/or logs in: /var/lib/mock/osg-3.6-el8-build-64260-92225/result
Finish: run
