2023-06-26 14:51:01,912 - Mock Version: 3.5
2023-06-26 14:51:02,421 - Start: dnf install
2023-06-26 14:52:09,520 - Finish: dnf install
2023-06-26 14:52:09,754 - Finish: chroot init
2023-06-26 14:52:10,153 - Finish: run
2023-06-26 14:52:12,280 - Mock Version: 3.5
2023-06-26 14:52:12,592 - Finish: chroot init
2023-06-26 14:52:12,595 - Start: chroot ['uname -r']
2023-06-26 14:52:12,638 - Finish: chroot ['uname -r']
2023-06-26 14:52:16,789 - Mock Version: 3.5
2023-06-26 14:52:17,564 - Finish: chroot init
2023-06-26 14:52:17,566 - Start: build phase for json-3.11.2-1.osg.el8.src.rpm
2023-06-26 14:52:17,571 - Start: build setup for json-3.11.2-1.osg.el8.src.rpm
2023-06-26 14:52:22,614 - Finish: build setup for json-3.11.2-1.osg.el8.src.rpm
2023-06-26 14:52:22,615 - Start: Outputting list of installed packages
2023-06-26 14:52:23,740 - Finish: Outputting list of installed packages
2023-06-26 14:52:23,741 - Start: rpmbuild json-3.11.2-1.osg.el8.src.rpm
2023-06-26 14:55:22,026 - Finish: rpmbuild json-3.11.2-1.osg.el8.src.rpm
2023-06-26 14:55:22,037 - Finish: build phase for json-3.11.2-1.osg.el8.src.rpm
2023-06-26 14:55:22,045 - Finish: run
